{
  message: 'database is connected successfully',
  level: 'info',
  service: 'user-service',
  label: 'Digital-Cowhut',
  timestamp: '2023-07-17T19:12:19.355Z'
}
{
  message: 'Application listening on port 5000',
  level: 'info',
  service: 'user-service',
  label: 'Digital-Cowhut',
  timestamp: '2023-07-17T19:12:19.365Z'
}
{
  message: 'database is connected successfully',
  level: 'info',
  service: 'user-service',
  label: 'Digital-Cowhut',
  timestamp: '2023-07-17T19:13:17.381Z'
}
{
  message: 'Application listening on port 5000',
  level: 'info',
  service: 'user-service',
  label: 'Digital-Cowhut',
  timestamp: '2023-07-17T19:13:17.391Z'
}
